!
"
#
$
%
&
'
(
)
*
*RIGHT*
+
,
-
.
/
9
:
;
<
=
>
?
@
PADDING
UNKNOWN
[
\
]
^
_
`
a
b
c
d
e
f
g
h
i
j
k
l
m
n
o
p
q
r
s
t
u
v
w
x
y
z
{
|
}
~
¤
✺
°
±
²
·
½
¾
×
ä
æ
ç
è
é
ö
÷
ø
û
ü
š
ɔ
ʐ
ː
˘
˙
˚
˝
́
α
β
γ
π
χ
е
к
л
о
р
ю
ᄀ
ᄃ
ᄎ
ᄏ
ᄑ
ᄒ
ᄝ
ᅡ
ᅫ
ᅬ
ᅭ
ᅮ
ᅯ
ᅰ
ᅲ
ᆻ
ᆼ
ᆽ
―
‘
’
“
”
†
‡
‥
…
′
″
※
⁀
₂
₃
℃
ℓ
⅔
ⅰ
ⅱ
ⅲ
ⅳ
ⅴ
ⅵ
ⅶ
ⅷ
ⅸ
↑
→
↓
↔
↗
↘
√
∞
∠
∨
∩
∴
∼
∾
≥
≪
≫
⊙
⑦
⑧
⑪
⑫
⑬
⑭
⑮
⑰
⑴
⑵
⑶
⑷
⑸
⑹
⒁
⒜
⒝
⒞
ⓐ
ⓑ
ⓒ
ⓓ
─
■
□
▣
▧
▨
△
▴
▶
▹
▼
▽
◆
◇
◈
○
◎
●
★
☆
☎
☞
♀
♂
♠
♣
♤
♥
♧
♪
♬
❷
❿
➀
➈
➌
➍
➎
➏
。
〃
〈
〉
《
》
「
」
『
』
【
】
〓
〔
〕
ぃ
い
う
え
ぉ
お
が
ぎ
く
け
ご
た
ち
で
な
の
ふ
ぼ
や
ゅ
る
れ
ろ
わ
を
キ
ケ
シ
ッ
ツ
バ
ホ
ム
メ
ヰ
ヱ
ン
ヴ
ㄱ
ㄴ
ㄹ
ㄾ
ㅁ
ㅂ
ㅅ
ㅌ
ㅐ
ㅑ
ㅒ
ㅓ
ㅔ
ㅕ
ㅖ
ㅗ
ㅡ
ㅢ
ㅣ
ㆍ
㈀
㈁
㈂
㈃
㈎
㈏
㈐
㈑
㈜
㉠
㉡
㉢
㉣
㉮
㉯
㉰
㉱
㎃
㎍
㎎
㎏
㎐
㎒
㎖
㎗
㎛
㎜
㎝
㎞
㎠
㎡
㎢
㎣
㎥
㎧
㎳
㎾
㏄
㏊
䌓
一
丁
七
丈
三
上
下
不
丑
且
丕
世
丘
丙
丞
並
中
串
丸
丹
主
乃
久
之
乎
乏
乖
乘
乙
九
乞
也
乭
乳
乾
亂
了
事
二
于
云
互
五
井
些
亞
亡
亢
交
亥
亦
亨
享
京
亭
亮
亶
人
仁
仄
仇
今
介
仕
他
仗
付
仙
代
令
以
仰
仲
件
任
企
伉
伊
伍
伏
伐
休
伯
伴
伶
伸
似
伽
佃
但
佈
位
低
住
佐
佑
体
佔
何
余
佛
作
佯
佰
佳
佾
使
侃
來
侈
例
侍
供
依
侮
侯
侵
侶
便
係
促
俄
俊
俎
俑
俗
保
俠
信
修
俯
俱
俳
俸
倂
倉
個
倍
倒
候
倚
倜
借
倡
倣
値
倦
倫
倬
倭
倻
偃
假
偈
偉
偏
偕
做
停
健
側
偵
偶
偸
傀
傍
傑
傘
備
催
傭
傲
傳
債
傷
傾
僅
僉
僊
像
僑
僕
僚
僞
僧
僭
僮
價
僻
僿
儀
億
儆
儉
儒
償
儡
優
儲
儷
儺
儼
允
元
兄
充
兆
兇
先
光
克
兌
免
兎
兒
兜
兢
入
內
全
兩
兪
八
公
六
兮
共
兵
其
具
典
兼
冀
冊
再
冑
冒
冕
冗
冠
冢
冥
冬
冲
冶
冷
冽
凄
凉
凋
凌
凍
凜
凝
凞
几
凡
凰
凱
凶
凸
凹
出
函
刀
刃
分
切
刊
刎
刑
列
初
判
別
利
刪
刮
到
制
刷
券
刹
刺
刻
則
削
剋
剌
前
剔
剖
剛
剝
剩
剪
副
割
創
劃
劇
劉
劍
劑
劒
力
功
加
劣
助
努
劫
勁
勃
勅
勇
勒
動
勘
務
勝
勞
募
勢
勤
勰
勳
勸
勺
勾
勿
包
匈
匍
匐
匕
化
北
匙
匠
匡
匣
匪
匹
匼
匿
區
十
千
升
午
半
卑
卒
卓
協
南
博
卜
卞
占
卦
卯
印
危
却
卵
卷
卽
卿
厄
厓
厘
厚
原
厠
厥
厭
去
參
又
叉
及
友
双
反
叔
取
受
叛
叡
叢
口
古
句
叩
只
召
可
台
叱
史
右
司
吃
各
合
吉
同
名
后
吏
吐
向
君
吟
吠
否
含
吳
吸
吹
吾
呂
呈
告
呑
周
呪
呱
味
呵
呼
命
咀
和
咎
咏
咨
咫
咳
咸
咽
哀
品
哄
哈
哉
員
哥
哨
哭
哲
哺
唆
唐
唯
唱
唾
啄
商
問
啓
啞
喀
善
喆
喇
喉
喊
喘
喚
喜
喝
喧
喩
喪
喫
喬
單
嗚
嗜
嗣
嘆
嘉
嘔
嘗
嘯
嘲
嘴
嘶
器
噴
嚆
嚥
嚮
嚴
嚼
囊
囍
囚
四
回
因
困
囹
固
囿
圃
圄
圈
國
圍
園
圓
圖
團
圜
土
在
圭
地
址
坂
均
坊
坎
坐
坑
坡
坤
坦
坪
坮
坰
垂
垈
型
垓
垜
垠
垢
垣
埃
埈
埋
城
域
埰
埴
執
培
基
堀
堂
堅
堆
堉
堊
堞
堠
堡
堤
堪
堯
堰
報
場
堵
塄
塊
塋
塏
塑
塔
塗
塘
塚
塞
塡
塵
塹
塼
塾
境
墅
墓
增
墟
墨
墩
墮
墳
墺
墻
墾
壁
壇
壑
壓
壕
壘
壙
壝
壞
壟
壤
士
壬
壯
壹
壺
壽
夏
夕
外
多
夜
夢
大
天
太
夫
央
失
夷
夾
奇
奈
奉
奎
奏
奐
契
奔
奚
奠
奢
奧
奪
奭
奮
女
奴
奸
好
如
妃
妄
妓
妖
妙
妣
妥
妬
妹
妻
妾
姆
姉
始
姑
姓
委
姙
姜
姦
姪
姬
姸
姻
姿
威
娑
娘
娛
娠
娥
娼
婁
婆
婉
婚
婢
婦
媒
媚
媛
媤
嫁
嫉
嫌
嫡
嫦
嬉
嬌
嬪
嬰
孃
子
孔
字
存
孝
孟
季
孤
孫
孵
學
孺
宅
宇
守
安
宋
完
宏
宗
官
宙
定
宛
宜
客
宣
室
宥
宦
宮
宰
害
宴
宵
家
容
宿
寂
寃
寄
寅
密
寇
富
寒
寓
寗
寞
察
寡
寢
寥
實
寧
審
寫
寬
寮
寵
寶
寸
寺
封
射
將
專
尉
尊
尋
對
導
小
少
尖
尙
尤
就
尸
尹
尺
尼
尾
尿
局
居
屆
屈
屋
屍
屑
展
屛
屠
層
履
屬
屯
山
屹
岐
岑
岡
岩
岬
岳
岶
岸
岺
岾
峙
峨
峪
峯
峰
峴
島
峻
峽
崇
崎
崔
崖
崗
崙
崛
崩
嵋
嵌
嵐
嵓
嵩
嵬
嶸
嶺
嶼
嶽
巍
巒
巖
川
州
巡
巢
工
左
巧
巨
巫
差
己
已
巳
巴
巷
巽
巾
市
布
帆
希
帖
帙
帛
帝
帥
師
席
帳
帶
帷
常
帽
幀
幄
幅
幕
幢
幣
干
平
年
幷
幸
幹
幻
幼
幽
幾
庄
庇
床
序
底
庖
店
庚
府
庠
度
座
庫
庭
庵
庶
康
庸
庾
廁
廂
廉
廊
廐
廓
廖
廚
廛
廟
廠
廡
廢
廣
廨
廬
廳
延
廷
廸
建
廻
弁
弄
弊
弋
式
弑
弓
弔
引
弗
弘
弛
弟
弧
弩
弱
張
强
弼
彈
彊
彌
彗
彙
彛
彝
形
彦
彩
彪
彫
彬
彭
彰
影
彷
役
彼
彿
往
征
待
律
後
徐
徑
徒
得
徙
從
御
徨
復
循
微
徵
德
徹
徽
心
必
忌
忍
志
忘
忙
忠
快
念
忽
忿
怏
怒
怖
思
怠
怡
急
性
怨
怪
怯
恂
恃
恍
恐
恒
恕
恢
恣
恤
恥
恨
恩
恭
息
悅
悉
悍
悔
悖
悛
悟
悠
患
悲
悳
悴
悶
悸
悼
情
惇
惑
惚
惜
惟
惠
惡
惱
想
惺
惻
愁
愈
愉
愍
意
愚
愛
感
愧
愴
愼
慄
慈
態
慌
慍
慕
慘
慢
慣
慧
慮
慰
慶
慽
慾
憂
憊
憎
憐
憑
憔
憙
憤
憧
憩
憫
憬
憲
憶
憾
懈
應
懊
懋
懦
懲
懶
懷
懸
懺
懼
懿
戀
戈
戊
戌
戍
戎
成
我
戒
或
戚
戟
截
戮
戰
戱
戲
戴
戶
房
所
扁
扇
扉
手
才
打
托
扮
扶
批
承
技
抄
抉
把
抑
抒
投
抗
折
披
抱
抵
抹
押
抽
拂
拄
拈
拉
拍
拒
拓
拔
拘
拙
招
拜
拝
括
拭
拮
拱
拳
拾
拿
持
指
按
挑
挫
振
挺
挽
挾
捉
捏
捐
捕
捨
捲
捺
掃
授
掌
排
掛
採
探
接
推
措
揀
揆
描
提
揖
揚
換
握
揭
揮
援
揷
損
搏
搖
搗
搜
搢
搾
摘
摠
摩
摯
摸
撈
撑
撤
撥
撫
播
撮
撰
撻
擁
擅
擇
擊
操
擒
擔
據
擡
擦
擧
擬
擲
擴
擺
擾
攀
攘
攝
攣
攪
支
收
攷
改
攻
放
政
故
效
敍
敎
敏
救
敖
敗
敞
敢
散
敦
敬
敭
敲
整
敵
敷
數
斂
文
斌
斑
斗
料
斛
斜
斤
斥
斧
斬
斯
新
斷
方
於
施
旅
旋
旌
族
旒
旗
旣
日
旦
旧
旨
早
旬
旭
旱
旴
旺
旻
旼
旿
昂
昆
昇
昊
昌
明
昏
易
昔
昕
昞
星
映
春
昧
昨
昭
是
昱
昶
昻
時
晃
晉
晋
晝
晟
晦
晨
晩
普
景
晳
晴
晶
智
暄
暇
暉
暎
暑
暖
暗
暘
暝
暫
暮
暴
暻
曄
曆
曇
曉
曙
曜
曠
曣
曰
曲
曳
更
書
曹
曺
曼
曾
替
最
會
月
有
朋
服
朔
望
朝
朞
期
木
未
末
本
札
朮
朱
朴
机
朽
杉
李
杏
材
村
杓
杖
杜
杞
束
杭
杯
杰
東
松
板
枇
枋
析
枕
林
枚
果
枝
枯
枰
枳
架
枸
柄
柏
某
柑
染
柔
柚
柬
柯
柱
柳
柴
柵
柹
査
柿
栓
栖
栗
校
栢
株
栱
核
根
格
栽
栿
桂
桃
案
桉
桎
桐
桑
桓
桴
梁
梅
梏
梓
梔
梗
條
梟
梢
梧
梨
梯
械
梵
棄
棊
棋
棒
棕
棗
棘
棟
棠
棣
棧
森
棲
棺
椅
植
椎
椑
椒
椧
椽
椿
楊
楓
楚
楠
楡
楢
業
楮
楱
極
楷
楸
楹
榘
榜
榭
榮
榴
榻
槃
構
槍
槐
槨
槪
槻
槽
槿
樂
樊
樑
樓
樗
標
樞
模
樣
樵
樸
樹
樺
橋
橘
橙
機
橡
橫
檀
檄
檍
檐
檗
檜
檢
檻
櫂
櫓
櫚
櫛
櫻
欄
權
欌
欖
次
欣
欲
欺
欽
款
歇
歌
歎
歐
歡
止
正
此
步
武
歧
歪
歲
歷
歸
死
歿
殆
殉
殊
殖
殘
殞
殮
殯
殲
段
殷
殺
殼
殿
毁
毅
毋
母
每
毒
比
毖
毗
毘
毛
毫
氏
民
氓
氣
水
氵
氷
永
汀
汁
求
汎
汐
汕
汗
汚
汝
江
池
汨
汪
汰
汲
汶
決
汽
沂
沃
沈
沐
沒
沖
沘
沙
沛
沫
沮
河
沸
油
治
沼
沾
沿
況
泄
泉
泊
泌
泓
法
泗
泛
泡
波
泣
泥
注
泮
泰
泳
洋
洌
洑
洗
洙
洛
洞
津
洦
洪
洬
洲
洵
洸
活
洽
派
流
浙
浚
浜
浦
浩
浪
浮
浴
海
浸
浿
涅
消
涉
涌
涍
涓
涕
涯
液
涵
淅
淆
淇
淋
淑
淘
淚
淡
淨
淪
淫
淮
深
淳
淵
混
淸
淺
添
渗
渙
渚
減
渠
渡
渣
渤
測
渭
港
渲
渴
游
渼
渾
湃
湊
湍
湖
湘
湛
湢
湧
湯
源
準
溜
溝
溟
溢
溥
溪
溫
溱
溶
溺
滄
滅
滉
滋
滎
滑
滓
滯
滴
滿
漁
漂
漆
漏
漑
演
漕
漠
漢
漣
漪
漫
漬
漱
漸
漿
潁
潔
潘
潛
潤
潭
潮
潰
潼
潽
澁
澂
澄
澈
澎
澔
澗
澤
澱
激
濁
濂
濃
濊
濕
濘
濟
濠
濤
濫
濬
濯
濱
濾
瀆
瀋
瀑
瀕
瀚
瀛
瀟
瀷
瀾
灌
灑
灘
灣
火
灰
灼
災
炅
炎
炒
炘
炙
炤
炫
炬
炭
炯
炳
点
烈
烏
烙
烟
烹
烽
焉
焙
無
焦
焰
然
煉
煌
煎
煙
煜
煞
煤
煥
照
煩
煮
煽
熊
熏
熔
熙
熟
熱
熹
熺
燁
燃
燈
燉
燎
燐
燒
燕
營
燠
燥
燦
燧
燭
燮
燼
爀
爆
爐
爛
爪
爭
爲
爵
父
爽
爾
片
版
牌
牒
牙
牛
牝
牟
牡
牢
牧
物
牲
特
牽
犀
犧
犬
犯
狀
狂
狄
狐
狗
狩
狹
狻
狼
猛
猝
猩
猪
猫
猶
猿
獄
獅
獐
獨
獲
獵
獸
獻
玄
玆
率
玉
王
玗
玧
玩
玲
玳
珀
珍
珏
珖
珞
珠
珥
珦
珪
班
現
球
理
琉
琓
琛
琠
琢
琥
琦
琪
琫
琮
琯
琳
琴
琵
琶
琿
瑀
瑁
瑗
瑛
瑜
瑞
瑟
瑢
瑤
瑩
瑾
璃
璋
璘
璟
璣
璧
環
璵
璽
璿
瓊
瓏
瓚
瓜
瓠
瓢
瓣
瓦
瓮
瓷
甁
甄
甑
甕
甘
甚
甛
生
産
用
甫
田
由
甲
申
男
甸
町
界
畏
畓
畔
留
畜
畝
畢
略
畦
番
畯
異
畵
當
畸
畿
疆
疇
疊
疎
疏
疑
疫
疸
疼
疽
疾
病
症
痒
痔
痕
痙
痛
痲
痴
痺
痼
瘍
瘠
瘤
瘻
療
癌
癎
癒
癖
癡
癤
癸
登
發
白
百
的
皆
皇
皐
皓
皮
皿
盂
盃
盆
盈
益
盒
盖
盛
盜
盞
盟
盡
監
盤
盧
目
盲
直
相
盾
省
眄
眈
眉
看
眞
眠
眩
眷
眺
眼
着
睛
睡
督
睦
睹
睿
瞋
瞑
瞥
瞬
瞭
瞰
瞳
矛
矜
矢
矣
知
矩
短
矮
石
矼
砂
砥
砦
砬
砭
砲
破
硏
硝
硫
硬
硯
碌
碍
碎
碑
碗
碧
碩
確
碾
磁
磊
磋
磨
磬
磻
磾
礎
示
社
祀
祈
祉
祐
祖
祗
祚
祝
神
祠
祥
祧
票
祭
祺
祿
禁
禍
禎
福
禑
禜
禦
禧
禪
禮
禱
禳
禹
禽
禾
禿
秀
私
秉
秋
科
秒
秘
租
秦
秧
秩
移
稀
稅
程
稔
稗
稙
稚
稜
稟
稠
種
稱
稶
稷
稻
稼
稽
稿
穀
穆
積
穡
穢
穩
穫
穴
究
穹
空
穽
穿
突
窈
窓
窕
窟
窠
窩
窪
窮
窯
窺
竅
立
站
竝
竟
章
童
竪
竭
端
競
竹
竺
竿
笆
笏
笑
笙
笛
笞
笠
符
第
筆
等
筋
筌
筍
筑
筒
答
策
筠
筬
筵
箇
箋
箔
箕
算
管
箭
箱
箴
箸
節
範
篆
篇
築
篤
篩
簇
簒
簞
簡
簧
簪
簷
簾
簿
籌
籍
籠
籬
米
籹
粉
粒
粔
粗
粘
粟
粥
粧
粱
粳
粹
精
糊
糒
糕
糖
糞
糟
糠
糧
糯
系
糾
紀
紂
約
紅
紇
紊
紋
納
紐
純
紗
紙
級
紛
素
紡
索
紫
紬
累
細
紳
紵
紹
終
絃
組
絅
絆
結
絞
絡
絢
給
絨
統
絲
絶
絹
綏
經
綜
綠
綬
維
綱
網
綴
綸
綺
綾
綿
緇
緊
緖
緘
線
緝
緞
緣
編
緩
緯
練
緻
縛
縞
縟
縡
縣
縫
縮
縱
總
績
繁
織
繕
繞
繡
繩
繪
繫
繭
繹
繼
纂
續
纓
纖
纜
缺
罐
罔
罪
置
罰
署
罵
罷
罹
罽
羅
羈
羊
羌
美
羞
羡
群
羨
義
羲
羹
羽
翁
翅
翊
翎
習
翔
翟
翠
翫
翰
翹
翻
翼
耀
老
考
者
耆
而
耐
耕
耘
耳
耶
耽
耿
聃
聖
聘
聚
聞
聯
聰
聲
聳
職
聽
聾
聿
肅
肆
肉
肋
肖
肛
肝
股
肢
肥
肩
肪
肯
肱
育
肺
胃
胄
背
胎
胚
胞
胡
胤
胥
胱
胴
胸
能
脂
脆
脇
脈
脚
脛
脣
脩
脫
脯
脹
腋
腎
腐
腑
腔
腕
腦
腫
腰
腱
腸
腹
腺
腿
膀
膏
膚
膜
膣
膨
膳
膵
膺
膽
膾
臆
臘
臟
臣
臥
臧
臨
自
臭
至
致
臺
臾
舅
與
興
舊
舌
舍
舒
舘
舜
舞
舟
航
般
舵
舶
船
艇
艙
艦
艮
良
艱
色
艶
艾
芍
芒
芙
芝
芟
芥
芩
芬
芭
芮
花
芳
芸
芹
芻
芽
苑
苔
苗
苛
苟
苡
若
苦
苧
英
茂
范
茄
茅
茉
茨
茫
茴
茶
茸
茹
荀
草
荊
荏
荑
荒
荷
莉
莊
莖
莘
莞
莫
菁
菊
菌
菓
菜
菩
華
菱
菴
菹
菽
萃
萄
萊
萌
萍
萎
萬
萱
落
葉
著
葛
葡
董
葬
葵
蒐
蒙
蒜
蒲
蒸
蒼
蓄
蓉
蓋
蓍
蓬
蓮
蓼
蔓
蔔
蔘
蔚
蔡
蔬
蔭
蔽
蔿
蕃
蕉
蕎
蕙
蕩
蕪
蕭
薄
薇
薏
薑
薛
薦
薩
薪
薯
薰
薺
藁
藉
藍
藏
藜
藝
藤
藥
藩
藪
藻
藿
蘂
蘆
蘇
蘊
蘖
蘗
蘭
蘺
蘿
虎
虔
處
虛
虜
虞
號
虹
蚊
蚩
蛇
蛋
蛙
蛛
蛟
蛤
蛾
蜀
蜂
蜃
蜜
蜺
蝎
蝕
蝗
蝦
蝴
蝶
蝸
融
螢
螺
蟄
蟬
蟲
蟹
蟻
蠅
蠟
蠢
蠶
蠻
血
衆
行
衍
衒
術
街
衙
衛
衝
衡
衢
衣
表
衫
衰
衾
衿
袈
袋
袍
袒
袞
被
袴
裁
裂
裏
裔
裕
裙
補
裝
裟
裡
裨
裳
裴
裵
裸
製
複
褓
褥
褸
襄
襟
襤
襲
西
要
覆
覇
見
規
覓
視
覡
親
覲
覺
覽
觀
角
解
觴
觸
言
訂
訃
計
討
訓
訖
託
記
訛
訟
訣
訥
訪
設
許
訴
診
註
詐
詔
評
詛
詞
詠
詢
詣
試
詩
詭
詮
詰
話
詳
詵
誅
誇
誌
認
誓
誕
誘
語
誠
誡
誣
誤
誥
誦
誨
說
誰
課
誹
誼
調
諄
談
請
諍
論
諛
諡
諦
諧
諫
諭
諱
諷
諸
諺
諾
謀
謁
謂
謎
謐
謔
謗
謙
謚
講
謝
謠
謨
謬
謳
謹
謾
證
識
譚
譜
警
譯
議
護
讀
變
讐
讓
讖
讚
谷
谿
豁
豆
豈
豊
豚
象
豪
豫
豺
貂
貊
貌
貝
貞
負
財
貢
貧
貨
販
貪
貫
責
貯
貰
貳
貴
貶
買
貸
費
貿
賀
賂
賃
賄
資
賈
賊
賑
賓
賜
賞
賢
賣
賤
賦
質
賭
賴
賻
贈
贊
贖
赤
赦
赫
走
赴
起
超
越
趙
趣
趨
足
趺
趾
跋
跌
跏
距
跡
路
跳
踊
踏
踐
蹄
蹈
蹉
蹟
蹠
躁
躍
身
軀
車
軌
軍
軒
軟
軸
軻
軾
較
輅
載
輓
輔
輕
輛
輜
輝
輦
輩
輪
輯
輸
輻
輾
輿
轄
轉
轍
轎
轝
轟
轢
辛
辦
辨
辭
辯
辰
辱
農
迂
迅
迎
近
返
迦
迪
迫
述
迷
迹
追
退
送
逃
逅
逆
逍
透
逐
逑
途
逗
通
逝
速
造
逡
逢
連
週
進
逸
遁
遂
遇
遊
運
遍
過
道
達
違
遙
遜
遞
遠
遣
適
遭
遮
遲
遵
遷
選
遺
遼
避
邁
邂
還
邊
邑
那
邦
邨
邪
邯
邱
邵
郁
郊
郞
郡
部
郭
郵
都
鄒
鄕
鄧
鄭
鄲
酉
酋
酌
配
酎
酒
酩
酪
酬
酵
酷
酸
醇
醉
醋
醍
醒
醜
醫
醬
醯
醱
醴
醵
釀
采
釉
釋
里
重
野
量
釐
金
釘
釜
針
釣
鈍
鈐
鈞
鈴
鉅
鉉
鉛
鉞
鉢
鉦
銀
銃
銅
銓
銘
銳
銶
鋤
鋪
鋼
錄
錐
錘
錠
錢
錤
錦
錫
錯
鍊
鍋
鍍
鍮
鍼
鍾
鎌
鎔
鎖
鎚
鎬
鎭
鎰
鏃
鏞
鏡
鐘
鐥
鐵
鐸
鑄
鑑
鑛
鑞
鑽
鑿
長
門
閃
閉
開
閏
閑
閒
間
閔
閣
閤
閥
閨
閭
閱
閼
闇
闊
闔
闕
關
闡
闢
阜
阪
阮
防
阻
阼
阿
陀
陂
附
降
限
陛
陜
陟
院
陣
除
陪
陰
陳
陵
陶
陷
陸
陽
隅
隆
隊
隋
隍
階
隔
隕
隙
際
障
隣
隧
隨
險
隱
隷
隻
雀
雁
雄
雅
集
雇
雉
雋
雌
雍
雕
雖
雙
雜
離
難
雨
雩
雪
雲
零
雷
電
需
震
霑
霜
霞
霧
露
霸
霹
霽
靂
靈
靑
靖
靜
非
靡
面
革
靭
靴
靷
靺
鞋
鞍
鞏
鞠
鞨
鞭
韆
韋
韓
韜
音
韶
韻
響
頁
頂
項
順
須
頌
預
頒
頓
領
頤
頭
頸
頻
題
額
顎
顔
願
顚
類
顥
顧
顫
顯
風
飄
飛
飜
食
飡
飢
飮
飯
飼
飽
飾
餈
餉
養
餌
餐
餓
餘
餞
餠
館
餻
饌
饑
饒
饔
饗
首
香
馥
馨
馬
馭
馮
馱
馳
馹
駁
駐
駒
駕
駙
駝
駱
駿
騎
騰
騷
驀
驅
驗
驚
驛
驥
驪
骨
骸
髓
體
高
髥
髮
鬚
鬧
鬪
鬱
鬼
魂
魄
魅
魏
魔
魚
魯
鮑
鮮
鯉
鯨
鰍
鰲
鱗
鳥
鳳
鳴
鳶
鴟
鴨
鴻
鴿
鵬
鵲
鶴
鷄
鷗
鷲
鷹
鷺
鸞
鹵
鹹
鹽
鹿
麒
麓
麗
麝
麟
麥
麴
麵
麻
黃
黍
黎
黑
黔
默
黜
點
黨
鼎
鼓
鼠
鼻
齊
齋
齒
齡
齬
龍
龐
龕
龜
가
각
간
갇
갈
갉
갋
감
갑
값
갓
갔
강
갖
갗
같
갚
갛
개
객
갠
갤
갬
갭
갯
갰
갱
갸
갹
걀
걍
걔
걘
거
걱
건
걷
걸
걺
검
겁
것
겄
겅
겆
겉
겊
겋
게
겐
겔
겝
겟
겠
겡
겨
격
겪
견
겯
결
겸
겹
겻
겼
경
곁
계
곈
곌
곕
곗
고
곡
곤
곧
골
곪
곬
곯
곰
곱
곳
공
곶
과
곽
관
괄
괌
괍
괏
광
괘
괜
괭
괴
괸
괼
굄
굅
굉
교
굔
굣
구
국
군
굳
굴
굵
굶
굻
굼
굽
굿
궁
궂
궃
궈
권
궐
궜
궤
궿
귀
귄
귈
귐
귓
규
균
귤
그
극
근
귿
글
긁
금
급
긋
긍
긔
기
긱
긴
긷
길
김
깁
깃
깄
깅
깆
깊
까
깍
깎
깐
깔
깜
깝
깟
깠
깡
깣
깥
깨
깩
깬
깰
깸
깹
깻
깼
깽
꺄
꺅
꺲
꺼
꺽
꺾
껀
껄
껌
껍
껏
껐
껑
께
껜
껩
껫
껭
껴
껶
껸
꼇
꼈
꼍
꼐
꼚
꼬
꼭
꼰
꼴
꼼
꼽
꼿
꽁
꽂
꽃
꽈
꽉
꽐
꽝
꽤
꽥
꽹
꾀
꾄
꾇
꾐
꾕
꾜
꾸
꾹
꾼
꿀
꿇
꿈
꿉
꿋
꿍
꿎
꿏
꿔
꿨
꿩
꿰
꿱
꿴
꿸
뀁
뀄
뀌
뀐
뀔
뀜
뀝
뀠
뀨
끄
끅
끈
끊
끌
끓
끔
끕
끗
끙
끝
끼
끽
낀
낄
낌
낍
낏
낑
나
낙
낚
난
낟
날
낡
남
납
낫
났
낭
낮
낯
낱
낳
내
낵
낸
낼
냄
냅
냇
냈
냉
냊
냐
냑
냔
냘
냠
냥
너
넉
넋
넌
널
넒
넓
넘
넙
넛
넜
넝
넣
네
넥
넨
넬
넴
넵
넷
넸
넹
녀
녁
년
녈
념
녑
녓
녔
녕
녘
녜
녠
노
녹
논
놀
놂
놈
놉
놋
농
높
놓
놔
놨
놰
뇌
뇐
뇨
뇰
뇽
누
눅
눈
눋
눌
눔
눕
눗
눙
눛
눠
눴
눼
뉘
뉜
뉠
뉨
뉩
뉴
뉼
늄
늉
느
늑
는
늘
늙
늠
늡
능
늦
늪
늬
늴
니
닉
닌
닐
닒
님
닙
닛
닝
닢
다
닥
닦
단
닫
달
닭
닮
닯
닳
담
답
닷
닸
당
닺
닻
닿
대
댁
댄
댈
댐
댑
댓
댔
댕
댜
더
덕
던
덜
덞
덟
덤
덥
덧
덩
덫
덮
덯
데
덱
덴
델
뎀
뎁
뎃
뎅
뎌
뎐
뎗
뎠
도
독
돈
돋
돌
돐
돔
돕
돗
동
돛
돝
돠
돼
됐
되
된
될
됨
됩
됫
두
둑
둔
둘
둠
둡
둣
둥
둬
뒀
뒈
뒝
뒤
뒴
뒷
뒹
듀
듄
듈
듐
듕
드
득
든
듣
들
듦
듬
듭
듯
등
듸
디
딕
딘
딛
딜
딤
딥
딧
딨
딩
딪
따
딱
딲
딴
딸
땀
땁
땃
땄
땅
땋
때
땍
땐
땔
땜
땝
땟
땠
땡
땶
떠
떡
떤
떨
떫
떱
떳
떴
떵
떻
떼
떽
뗀
뗄
뗍
뗏
뗐
뗑
뗘
똈
또
똑
똔
똘
똠
똥
똬
뙈
뙤
뚜
뚝
뚤
뚫
뚱
뛔
뛰
뛴
뛸
뜀
뜁
뜌
뜨
뜩
뜬
뜯
뜰
뜸
뜹
뜻
뜽
띄
띈
띌
띔
띕
띠
띡
띤
띧
띨
띰
띵
라
락
란
랄
람
랍
랏
랐
랑
랖
랗
래
랙
랜
랠
램
랩
랫
랬
랭
랴
략
랸
럅
량
러
럭
럯
런
럴
럼
럽
럿
렀
렁
렇
레
렉
렌
렐
렘
렙
렛
렜
렝
려
력
련
렬
렴
렵
렷
렸
령
례
롄
롑
롓
로
록
론
롤
롬
롭
롯
롱
롴
롸
뢀
뢰
뢴
뢸
룀
룃
료
룟
룡
룦
루
룩
룬
룰
룸
룹
룻
룽
뤄
뤘
뤠
뤼
뤽
류
륙
륜
률
륨
륫
륭
륳
르
륵
른
를
름
릅
릇
릉
릎
리
릭
린
릴
림
립
릿
맀
링
마
막
만
많
맏
말
맑
맘
맙
맛
망
맞
맡
맣
매
맥
맨
맬
맳
맴
맵
맷
맸
맹
맺
먀
먐
먕
머
먹
먼
멀
멈
멉
멋
멍
멎
멓
메
멕
멘
멜
멟
멤
멥
멧
멨
멩
멫
며
멱
면
멷
멸
몃
몄
명
몇
몌
몕
몢
몣
모
목
몫
몬
몰
몵
몸
몹
못
몽
몾
뫄
뫇
뫕
뫘
뫼
묌
묏
묘
묫
무
묵
묶
문
묻
물
묽
뭄
뭅
뭇
뭉
뭍
뭏
뭐
뭔
뭘
뭡
뭣
뭬
뮈
뮌
뮐
뮤
뮨
뮬
뮴
므
믄
믈
믐
믓
믜
믯
미
믹
민
믿
밀
밈
밉
밋
밌
밍
및
밑
바
박
밖
반
받
발
밝
밟
밤
밥
밧
방
밭
배
백
밴
밸
뱀
뱁
뱃
뱄
뱅
뱉
뱌
뱝
뱟
버
벅
번
벋
벌
범
법
벗
벙
벚
베
벡
벤
벨
벰
벱
벳
벴
벵
벼
벽
변
별
볍
볏
볐
병
볓
볕
볜
보
복
볶
본
볼
봄
봅
봇
봉
봍
봐
봔
봤
봬
뵀
뵈
뵌
뵐
뵙
뵜
뵝
뵤
부
북
분
붇
불
붉
붐
붑
붓
붕
붙
붸
뷔
뷜
뷰
뷴
뷸
븀
브
븍
븐
블
븟
비
빅
빈
빌
빒
빔
빕
빗
빙
빚
빛
빠
빡
빤
빨
빰
빱
빳
빴
빵
빻
빼
빽
뺀
뺄
뺌
뺍
뺏
뺐
뺑
뺘
뺨
뻐
뻑
뻔
뻗
뻘
뻣
뻤
뻥
뻬
뻿
뼁
뼈
뼉
뼘
뼛
뼜
뼱
뼵
뽀
뽁
뽃
뽄
뽈
뽐
뽑
뽓
뽕
뾰
뿅
뿌
뿍
뿐
뿔
뿜
뿟
뿠
뿡
쀼
쁘
쁜
쁠
쁨
쁩
삐
삑
삔
삘
삡
삣
삥
사
삭
삯
산
살
삵
삶
삼
삽
삿
샀
상
샅
샆
새
색
샌
샐
샘
샙
샛
샜
생
샤
샥
샨
샬
샴
샵
샷
샹
섀
섄
섅
서
석
섞
섟
선
섣
설
섥
섦
섧
섬
섭
섯
섰
성
섶
세
섹
센
섾
셀
셈
셉
셋
셌
셍
셔
셕
션
셜
셤
셧
셨
셩
셰
셴
셸
솂
소
속
솎
손
솓
솔
솜
솝
솟
송
솥
솨
솩
솰
쇄
쇠
쇡
쇤
쇨
쇳
쇼
쇽
숀
숄
숌
숍
숏
숑
수
숙
순
숟
술
숨
숩
숫
숭
숯
숱
숲
숴
쉈
쉐
쉑
쉔
쉘
쉬
쉭
쉰
쉴
쉼
쉽
쉿
슁
슈
슉
슌
슐
슘
슛
슝
스
슥
슨
슫
슬
슭
슳
슴
습
슷
승
슽
싖
시
식
신
싣
실
싫
심
십
싯
싰
싱
싶
싸
싹
싼
싿
쌀
쌈
쌉
쌋
쌌
쌍
쌓
쌔
쌕
쌘
쌜
쌤
쌨
쌩
쌰
썅
썠
써
썩
썪
썬
썰
썸
썹
썻
썼
썽
썾
쎄
쎈
쎌
쎗
쎠
쏘
쏙
쏛
쏜
쏟
쏠
쏨
쏭
쏴
쏵
쏼
쐈
쐐
쐬
쐰
쐴
쑈
쑤
쑥
쑨
쑬
쑵
쑹
쒀
쒔
쒜
쒠
쒸
쒼
쓰
쓱
쓴
쓸
씀
씁
씌
씐
씧
씨
씩
씬
씰
씸
씹
씻
씽
아
악
안
앉
않
알
앍
앎
앓
암
압
앗
았
앙
앝
앞
애
액
앤
앨
앰
앱
앳
앴
앵
야
약
앿
얀
얄
얇
얌
얍
얏
얐
양
얕
얗
얘
얜
얬
어
억
언
얹
얻
얼
얽
엄
업
없
엇
었
엉
엊
엌
엎
에
엑
엔
엘
엠
엡
엣
엥
여
역
엮
연
열
엷
염
엽
엾
엿
였
영
옅
옆
옇
예
옌
옐
옘
옛
옜
오
옥
온
올
옭
옮
옳
옴
옵
옷
옸
옹
옻
와
왁
완
왈
왑
왓
왔
왕
왜
왝
왠
왱
왳
외
왼
욀
욋
욍
요
욕
욘
욜
욤
욥
욧
용
우
욱
운
울
욺
움
웁
웃
웅
워
웍
원
월
웜
웠
웡
웨
웩
웬
웰
웹
웽
위
윅
윈
윌
윔
윕
윗
윙
유
육
윤
율
윰
윳
융
윷
으
윽
은
읃
을
읊
음
읍
읎
읏
응
읒
읓
읔
읕
읖
읗
의
읜
읠
읪
이
익
인
일
읽
잃
임
입
잇
있
잉
잊
잎
자
작
잔
잖
잗
잘
잠
잡
잣
잤
장
잦
재
잭
잰
잴
잼
잽
잿
쟀
쟁
쟈
쟉
쟌
쟎
쟝
쟤
쟨
저
적
전
절
젊
젋
점
접
젓
정
젖
제
젝
젠
젤
젬
젭
젯
젱
져
젼
졀
졌
졍
졔
조
족
존
졸
좀
좁
좃
종
좆
좇
좋
좌
좍
좔
좡
좨
죄
죅
죈
죔
죕
죗
죘
죠
죤
주
죽
준
줄
줆
줌
줍
줏
중
줘
줬
줴
쥐
쥑
쥔
쥘
쥠
쥣
쥬
쥰
쥴
즁
즈
즉
즌
즐
즘
즙
증
지
직
진
짇
질
짊
짐
집
짓
징
짖
짙
짚
짜
짝
짠
짢
짤
짧
짬
짭
짰
짱
째
짹
짼
쨀
쨈
쨉
쨋
쨌
쨍
쨔
쨩
쩌
쩍
쩐
쩔
쩜
쩝
쩡
쩨
쪄
쪘
쪼
쪽
쫀
쫄
쫌
쫍
쫏
쫑
쫒
쫓
쫘
쫙
쫬
쬐
쬔
쬘
쬠
쬬
쭈
쭉
쭌
쭐
쭘
쭙
쭝
쭤
쮜
쮸
쯔
쯕
쯤
쯧
쯩
찌
찍
찐
찔
찜
찝
찟
찡
찢
찣
찧
차
착
찬
찮
찰
참
찹
찻
찼
창
찾
찿
채
책
챈
챌
챔
챕
챗
챘
챙
챠
챤
챦
챨
챰
처
척
천
철
첨
첩
첫
청
체
첵
첸
첼
쳄
쳅
쳇
쳉
쳐
쳤
초
촉
촌
촐
촘
촙
촛
총
촤
촨
촬
최
쵸
춈
추
축
춘
출
춤
춥
춧
충
춰
췄
췌
취
췻
췽
츄
츅
츈
츠
측
츤
츨
츰
츱
층
치
칙
친
칠
칡
침
칩
칫
칭
카
칵
칸
칼
캄
캅
캇
캉
캐
캑
캔
캘
캠
캡
캣
캤
캥
캬
캭
캿
커
컥
컨
컫
컬
컴
컵
컷
컸
컹
케
켁
켄
켈
켐
켑
켓
켔
켕
켙
켜
켠
켤
켭
켯
켰
켸
코
콕
콘
콜
콤
콥
콧
콩
콰
콱
콴
콸
쾅
쾌
쾡
쾨
쾰
쿄
쿠
쿡
쿤
쿨
쿰
쿱
쿳
쿵
쿼
퀀
퀄
퀑
퀘
퀙
퀭
퀴
퀵
퀸
퀼
큅
큇
큐
큘
크
큭
큰
클
큼
큽
킁
키
킥
킨
킬
킴
킵
킷
킹
타
탁
탄
탈
탉
탐
탑
탓
탔
탕
태
택
탠
탤
탬
탭
탯
탰
탱
탸
터
턱
턴
털
텀
텁
텃
텄
텅
테
텍
텐
텔
템
텝
텟
텡
텨
텬
텼
톄
톈
토
톡
톤
톨
톰
톱
톳
통
톺
퇘
퇭
퇴
툅
툇
툉
툐
투
툭
툰
툴
툼
툿
퉁
퉈
퉜
퉤
튀
튄
튈
튑
튕
튜
튤
튬
트
특
튼
튿
틀
틈
틉
틋
틔
티
틱
틴
틸
팀
팁
팃
팅
파
팍
팎
판
팔
팜
팝
팟
팠
팡
팥
팦
패
팩
팬
팰
팸
팹
팻
팼
팽
퍄
퍅
퍤
퍼
퍽
펀
펄
펌
펍
펐
펑
페
펙
펜
펠
펨
펩
펫
펭
펴
편
펼
폄
폈
평
폐
폣
포
폭
폰
폴
폼
폿
퐁
푄
표
푯
푸
푹
푼
풀
풂
품
풉
풋
풍
퓌
퓔
퓨
퓰
프
픈
플
픔
픕
픙
피
픽
핀
필
핌
핍
핏
핑
하
학
한
할
핥
함
합
핫
항
해
핵
핸
핼
햄
햅
햇
했
행
햐
햝
향
헀
허
헉
헌
헐
험
헙
헛
헜
헝
헡
헤
헥
헨
헬
헴
헵
헷
헹
혀
혁
현
혈
혐
협
혓
혔
형
혜
혠
혤
호
혹
혼
홀
홈
홉
홋
홍
홑
화
확
환
활
홧
황
홰
홱
횃
횅
회
획
횐
횔
횟
횡
효
후
훅
훈
훌
훍
훑
훓
훔
훗
훙
훠
훤
훨
훵
훼
훽
휄
휑
휘
휙
휜
휠
휨
휩
휫
휭
휴
휼
흄
흉
흐
흑
흔
흖
흗
흘
흙
흝
흠
흡
흣
흥
흩
희
흰
흴
흽
힁
히
힉
힌
힐
힘
힙
힛
힜
힝







車
句
龜
龜
金
奈
羅
樂
洛
落
亂
卵
蘭
藍
郎
冷
勞
爐
盧
老
蘆
魯
祿
錄
論
雷
樓
累
陵
讀
樂
丹
怒
率
異
北
復
不
塞
省
說
殺
沈
掠
略
亮
兩
凉
梁
糧
良
量
呂
女
旅
礪
麗
力
曆
歷
年
戀
練
聯
蓮
連
鍊
列
劣
烈
裂
說
廉
念
簾
令
寧
嶺
玲
瑩
靈
領
例
禮
隸
惡
了
尿
料
樂
燎
療
遼
龍
阮
劉
柳
流
琉
留
類
六
陸
倫
淪
輪
律
栗
隆
利
吏
易
李
梨
泥
理
痢
裏
里
離
匿
溺
燐
隣
鱗
麟
林
淋
臨
立
笠
粒
狀
識
茶
切
度
拓
糖
宅
洞
行
見
廓
＂
＃
＄
％
＆
＊
＋
，
－
．
／
１
：
；
＝
？
＿
ｇ
ｍ
ｔ
ｖ
ｘ
～
￦
